Starting annotation of CHR 1
making annot file
Finish annotation of CHR 1
Starting ld score estimation of CHR 1
*********************************************************************
* LD Score Regression (LDSC)
* Version 1.0.1
* (C) 2014-2019 Brendan Bulik-Sullivan and Hilary Finucane
* Broad Institute of MIT and Harvard / MIT Department of Mathematics
* GNU General Public License v3
*********************************************************************
Call: 
./ldsc.py \
--print-snps resources/listHM3.txt \
--ld-wind-cm 1.0 \
--out inflammation.annotation/inflammation.1 \
--bfile resources/1000G_EUR_Phase3_plink/1000G.EUR.QC.1 \
--thin-annot  \
--annot inflammation.annotation/inflammation.1.annot.gz \
--l2  

Beginning analysis at Thu Dec  9 23:13:06 2021
Read list of 779354 SNPs from resources/1000G_EUR_Phase3_plink/1000G.EUR.QC.1.bim
Read 1 annotations for 779354 SNPs from inflammation.annotation/inflammation.1.annot.gz
Read list of 489 individuals from resources/1000G_EUR_Phase3_plink/1000G.EUR.QC.1.fam
Reading genotypes from resources/1000G_EUR_Phase3_plink/1000G.EUR.QC.1.bed
After filtering, 779354 SNPs remain
Estimating LD Score.
Reading list of 1217311 SNPs for which to print LD Scores from resources/listHM3.txt
After merging with --print-snps, LD Scores for 98642 SNPs will be printed.
Writing LD Scores for 98642 SNPs to inflammation.annotation/inflammation.1.l2.ldscore.gz

Summary of LD Scores in inflammation.annotation/inflammation.1.l2.ldscore.gz
         MAF        L2
mean  0.2346    1.7728
std   0.1432   11.5944
min   0.0051   -1.6048
25%   0.1084    0.0000
50%   0.2239    0.0000
75%   0.3558    0.0000
max   0.5000  211.7918

MAF/LD Score Correlation Matrix
       MAF     L2
MAF  1.000  0.017
L2   0.017  1.000

Annotation Correlation Matrix
       ANNOT
ANNOT    1.0

Annotation Matrix Column Sums
ANNOT    12746

Summary of Annotation Matrix Row Sums
count    779354.0000
mean          0.0164
std           0.1268
min           0.0000
25%           0.0000
50%           0.0000
75%           0.0000
max           1.0000
Analysis finished at Thu Dec  9 23:15:02 2021
Total time elapsed: 1.0m:56.11s
Finish ld score estimation of CHR 1
Starting annotation of CHR 2
making annot file
Finish annotation of CHR 2
Starting ld score estimation of CHR 2
*********************************************************************
* LD Score Regression (LDSC)
* Version 1.0.1
* (C) 2014-2019 Brendan Bulik-Sullivan and Hilary Finucane
* Broad Institute of MIT and Harvard / MIT Department of Mathematics
* GNU General Public License v3
*********************************************************************
Call: 
./ldsc.py \
--print-snps resources/listHM3.txt \
--ld-wind-cm 1.0 \
--out inflammation.annotation/inflammation.2 \
--bfile resources/1000G_EUR_Phase3_plink/1000G.EUR.QC.2 \
--thin-annot  \
--annot inflammation.annotation/inflammation.2.annot.gz \
--l2  

Beginning analysis at Thu Dec  9 23:15:20 2021
Read list of 839590 SNPs from resources/1000G_EUR_Phase3_plink/1000G.EUR.QC.2.bim
Read 1 annotations for 839590 SNPs from inflammation.annotation/inflammation.2.annot.gz
Read list of 489 individuals from resources/1000G_EUR_Phase3_plink/1000G.EUR.QC.2.fam
Reading genotypes from resources/1000G_EUR_Phase3_plink/1000G.EUR.QC.2.bed
After filtering, 839590 SNPs remain
Estimating LD Score.
Reading list of 1217311 SNPs for which to print LD Scores from resources/listHM3.txt
After merging with --print-snps, LD Scores for 99735 SNPs will be printed.
Writing LD Scores for 99735 SNPs to inflammation.annotation/inflammation.2.l2.ldscore.gz

Summary of LD Scores in inflammation.annotation/inflammation.2.l2.ldscore.gz
         MAF        L2
mean  0.2384    3.3360
std   0.1431   16.7202
min   0.0051   -1.5266
25%   0.1125    0.0000
50%   0.2290    0.0000
75%   0.3620    0.0000
max   0.5000  302.8901

MAF/LD Score Correlation Matrix
        MAF      L2
MAF  1.0000  0.0191
L2   0.0191  1.0000

Annotation Correlation Matrix
       ANNOT
ANNOT    1.0

Annotation Matrix Column Sums
ANNOT    22037

Summary of Annotation Matrix Row Sums
count    839590.0000
mean          0.0262
std           0.1599
min           0.0000
25%           0.0000
50%           0.0000
75%           0.0000
max           1.0000
Analysis finished at Thu Dec  9 23:17:32 2021
Total time elapsed: 2.0m:12.48s
Finish ld score estimation of CHR 2
Starting annotation of CHR 3
making annot file
Finish annotation of CHR 3
Starting ld score estimation of CHR 3
*********************************************************************
* LD Score Regression (LDSC)
* Version 1.0.1
* (C) 2014-2019 Brendan Bulik-Sullivan and Hilary Finucane
* Broad Institute of MIT and Harvard / MIT Department of Mathematics
* GNU General Public License v3
*********************************************************************
Call: 
./ldsc.py \
--print-snps resources/listHM3.txt \
--ld-wind-cm 1.0 \
--out inflammation.annotation/inflammation.3 \
--bfile resources/1000G_EUR_Phase3_plink/1000G.EUR.QC.3 \
--thin-annot  \
--annot inflammation.annotation/inflammation.3.annot.gz \
--l2  

Beginning analysis at Thu Dec  9 23:17:46 2021
Read list of 706350 SNPs from resources/1000G_EUR_Phase3_plink/1000G.EUR.QC.3.bim
Read 1 annotations for 706350 SNPs from inflammation.annotation/inflammation.3.annot.gz
Read list of 489 individuals from resources/1000G_EUR_Phase3_plink/1000G.EUR.QC.3.fam
Reading genotypes from resources/1000G_EUR_Phase3_plink/1000G.EUR.QC.3.bed
After filtering, 706350 SNPs remain
Estimating LD Score.
Reading list of 1217311 SNPs for which to print LD Scores from resources/listHM3.txt
After merging with --print-snps, LD Scores for 83036 SNPs will be printed.
Writing LD Scores for 83036 SNPs to inflammation.annotation/inflammation.3.l2.ldscore.gz

Summary of LD Scores in inflammation.annotation/inflammation.3.l2.ldscore.gz
         MAF        L2
mean  0.2408    2.0094
std   0.1426   11.6138
min   0.0051   -1.2410
25%   0.1166    0.0000
50%   0.2321    0.0000
75%   0.3630    0.0000
max   0.5000  184.3977

MAF/LD Score Correlation Matrix
        MAF      L2
MAF  1.0000  0.0318
L2   0.0318  1.0000

Annotation Correlation Matrix
       ANNOT
ANNOT    1.0

Annotation Matrix Column Sums
ANNOT    12574

Summary of Annotation Matrix Row Sums
count    706350.0000
mean          0.0178
std           0.1322
min           0.0000
25%           0.0000
50%           0.0000
75%           0.0000
max           1.0000
Analysis finished at Thu Dec  9 23:19:49 2021
Total time elapsed: 2.0m:3.17s
Finish ld score estimation of CHR 3
Starting annotation of CHR 4
making annot file
Finish annotation of CHR 4
Starting ld score estimation of CHR 4
*********************************************************************
* LD Score Regression (LDSC)
* Version 1.0.1
* (C) 2014-2019 Brendan Bulik-Sullivan and Hilary Finucane
* Broad Institute of MIT and Harvard / MIT Department of Mathematics
* GNU General Public License v3
*********************************************************************
Call: 
./ldsc.py \
--print-snps resources/listHM3.txt \
--ld-wind-cm 1.0 \
--out inflammation.annotation/inflammation.4 \
--bfile resources/1000G_EUR_Phase3_plink/1000G.EUR.QC.4 \
--thin-annot  \
--annot inflammation.annotation/inflammation.4.annot.gz \
--l2  

Beginning analysis at Thu Dec  9 23:20:03 2021
Read list of 729645 SNPs from resources/1000G_EUR_Phase3_plink/1000G.EUR.QC.4.bim
Read 1 annotations for 729645 SNPs from inflammation.annotation/inflammation.4.annot.gz
Read list of 489 individuals from resources/1000G_EUR_Phase3_plink/1000G.EUR.QC.4.fam
Reading genotypes from resources/1000G_EUR_Phase3_plink/1000G.EUR.QC.4.bed
After filtering, 729645 SNPs remain
Estimating LD Score.
Reading list of 1217311 SNPs for which to print LD Scores from resources/listHM3.txt
After merging with --print-snps, LD Scores for 74924 SNPs will be printed.
Writing LD Scores for 74924 SNPs to inflammation.annotation/inflammation.4.l2.ldscore.gz

Summary of LD Scores in inflammation.annotation/inflammation.4.l2.ldscore.gz
         MAF        L2
mean  0.2375    1.7818
std   0.1422   16.4844
min   0.0051   -2.1642
25%   0.1125    0.0000
50%   0.2301    0.0000
75%   0.3579    0.0000
max   0.5000  406.9020

MAF/LD Score Correlation Matrix
        MAF      L2
MAF  1.0000  0.0364
L2   0.0364  1.0000

Annotation Correlation Matrix
       ANNOT
ANNOT    1.0

Annotation Matrix Column Sums
ANNOT    8340

Summary of Annotation Matrix Row Sums
count    729645.0000
mean          0.0114
std           0.1063
min           0.0000
25%           0.0000
50%           0.0000
75%           0.0000
max           1.0000
Analysis finished at Thu Dec  9 23:22:01 2021
Total time elapsed: 1.0m:58.04s
Finish ld score estimation of CHR 4
Starting annotation of CHR 5
making annot file
Finish annotation of CHR 5
Starting ld score estimation of CHR 5
*********************************************************************
* LD Score Regression (LDSC)
* Version 1.0.1
* (C) 2014-2019 Brendan Bulik-Sullivan and Hilary Finucane
* Broad Institute of MIT and Harvard / MIT Department of Mathematics
* GNU General Public License v3
*********************************************************************
Call: 
./ldsc.py \
--print-snps resources/listHM3.txt \
--ld-wind-cm 1.0 \
--out inflammation.annotation/inflammation.5 \
--bfile resources/1000G_EUR_Phase3_plink/1000G.EUR.QC.5 \
--thin-annot  \
--annot inflammation.annotation/inflammation.5.annot.gz \
--l2  

Beginning analysis at Thu Dec  9 23:22:14 2021
Read list of 633015 SNPs from resources/1000G_EUR_Phase3_plink/1000G.EUR.QC.5.bim
Read 1 annotations for 633015 SNPs from inflammation.annotation/inflammation.5.annot.gz
Read list of 489 individuals from resources/1000G_EUR_Phase3_plink/1000G.EUR.QC.5.fam
Reading genotypes from resources/1000G_EUR_Phase3_plink/1000G.EUR.QC.5.bed
After filtering, 633015 SNPs remain
Estimating LD Score.
Reading list of 1217311 SNPs for which to print LD Scores from resources/listHM3.txt
After merging with --print-snps, LD Scores for 75164 SNPs will be printed.
Writing LD Scores for 75164 SNPs to inflammation.annotation/inflammation.5.l2.ldscore.gz

Summary of LD Scores in inflammation.annotation/inflammation.5.l2.ldscore.gz
         MAF        L2
mean  0.2369    1.7408
std   0.1421   13.8005
min   0.0051   -1.2286
25%   0.1125    0.0000
50%   0.2280    0.0000
75%   0.3569    0.0000
max   0.5000  326.8806

MAF/LD Score Correlation Matrix
        MAF      L2
MAF  1.0000  0.0283
L2   0.0283  1.0000

Annotation Correlation Matrix
       ANNOT
ANNOT    1.0

Annotation Matrix Column Sums
ANNOT    7480

Summary of Annotation Matrix Row Sums
count    633015.0000
mean          0.0118
std           0.1081
min           0.0000
25%           0.0000
50%           0.0000
75%           0.0000
max           1.0000
Analysis finished at Thu Dec  9 23:23:56 2021
Total time elapsed: 1.0m:41.97s
Finish ld score estimation of CHR 5
Starting annotation of CHR 6
making annot file
Finish annotation of CHR 6
Starting ld score estimation of CHR 6
*********************************************************************
* LD Score Regression (LDSC)
* Version 1.0.1
* (C) 2014-2019 Brendan Bulik-Sullivan and Hilary Finucane
* Broad Institute of MIT and Harvard / MIT Department of Mathematics
* GNU General Public License v3
*********************************************************************
Call: 
./ldsc.py \
--print-snps resources/listHM3.txt \
--ld-wind-cm 1.0 \
--out inflammation.annotation/inflammation.6 \
--bfile resources/1000G_EUR_Phase3_plink/1000G.EUR.QC.6 \
--thin-annot  \
--annot inflammation.annotation/inflammation.6.annot.gz \
--l2  

Beginning analysis at Thu Dec  9 23:24:17 2021
Read list of 664016 SNPs from resources/1000G_EUR_Phase3_plink/1000G.EUR.QC.6.bim
Read 1 annotations for 664016 SNPs from inflammation.annotation/inflammation.6.annot.gz
Read list of 489 individuals from resources/1000G_EUR_Phase3_plink/1000G.EUR.QC.6.fam
Reading genotypes from resources/1000G_EUR_Phase3_plink/1000G.EUR.QC.6.bed
After filtering, 664016 SNPs remain
Estimating LD Score.
Reading list of 1217311 SNPs for which to print LD Scores from resources/listHM3.txt
After merging with --print-snps, LD Scores for 75358 SNPs will be printed.
Writing LD Scores for 75358 SNPs to inflammation.annotation/inflammation.6.l2.ldscore.gz

Summary of LD Scores in inflammation.annotation/inflammation.6.l2.ldscore.gz
         MAF        L2
mean  0.2357    3.6111
std   0.1431   25.9405
min   0.0051   -2.6991
25%   0.1104    0.0000
50%   0.2249    0.0000
75%   0.3579    0.0000
max   0.5000  456.7756

MAF/LD Score Correlation Matrix
        MAF      L2
MAF  1.0000  0.0578
L2   0.0578  1.0000

Annotation Correlation Matrix
       ANNOT
ANNOT    1.0

Annotation Matrix Column Sums
ANNOT    15060

Summary of Annotation Matrix Row Sums
count    664016.0000
mean          0.0227
std           0.1489
min           0.0000
25%           0.0000
50%           0.0000
75%           0.0000
max           1.0000
Analysis finished at Thu Dec  9 23:26:36 2021
Total time elapsed: 2.0m:19.06s
Finish ld score estimation of CHR 6
Starting annotation of CHR 7
making annot file
Finish annotation of CHR 7
Starting ld score estimation of CHR 7
*********************************************************************
* LD Score Regression (LDSC)
* Version 1.0.1
* (C) 2014-2019 Brendan Bulik-Sullivan and Hilary Finucane
* Broad Institute of MIT and Harvard / MIT Department of Mathematics
* GNU General Public License v3
*********************************************************************
Call: 
./ldsc.py \
--print-snps resources/listHM3.txt \
--ld-wind-cm 1.0 \
--out inflammation.annotation/inflammation.7 \
--bfile resources/1000G_EUR_Phase3_plink/1000G.EUR.QC.7 \
--thin-annot  \
--annot inflammation.annotation/inflammation.7.annot.gz \
--l2  

Beginning analysis at Thu Dec  9 23:26:48 2021
Read list of 589569 SNPs from resources/1000G_EUR_Phase3_plink/1000G.EUR.QC.7.bim
Read 1 annotations for 589569 SNPs from inflammation.annotation/inflammation.7.annot.gz
Read list of 489 individuals from resources/1000G_EUR_Phase3_plink/1000G.EUR.QC.7.fam
Reading genotypes from resources/1000G_EUR_Phase3_plink/1000G.EUR.QC.7.bed
After filtering, 589569 SNPs remain
Estimating LD Score.
Reading list of 1217311 SNPs for which to print LD Scores from resources/listHM3.txt
After merging with --print-snps, LD Scores for 66171 SNPs will be printed.
Writing LD Scores for 66171 SNPs to inflammation.annotation/inflammation.7.l2.ldscore.gz

Summary of LD Scores in inflammation.annotation/inflammation.7.l2.ldscore.gz
         MAF        L2
mean  0.2390    3.8840
std   0.1428   19.7895
min   0.0051   -2.3327
25%   0.1125    0.0000
50%   0.2301    0.0000
75%   0.3609    0.0000
max   0.5000  332.2887

MAF/LD Score Correlation Matrix
        MAF      L2
MAF  1.0000  0.0082
L2   0.0082  1.0000

Annotation Correlation Matrix
       ANNOT
ANNOT    1.0

Annotation Matrix Column Sums
ANNOT    18399

Summary of Annotation Matrix Row Sums
count    589569.0000
mean          0.0312
std           0.1739
min           0.0000
25%           0.0000
50%           0.0000
75%           0.0000
max           1.0000
Analysis finished at Thu Dec  9 23:28:24 2021
Total time elapsed: 1.0m:36.38s
Finish ld score estimation of CHR 7
Starting annotation of CHR 8
making annot file
Finish annotation of CHR 8
Starting ld score estimation of CHR 8
*********************************************************************
* LD Score Regression (LDSC)
* Version 1.0.1
* (C) 2014-2019 Brendan Bulik-Sullivan and Hilary Finucane
* Broad Institute of MIT and Harvard / MIT Department of Mathematics
* GNU General Public License v3
*********************************************************************
Call: 
./ldsc.py \
--print-snps resources/listHM3.txt \
--ld-wind-cm 1.0 \
--out inflammation.annotation/inflammation.8 \
--bfile resources/1000G_EUR_Phase3_plink/1000G.EUR.QC.8 \
--thin-annot  \
--annot inflammation.annotation/inflammation.8.annot.gz \
--l2  

Beginning analysis at Thu Dec  9 23:28:36 2021
Read list of 549971 SNPs from resources/1000G_EUR_Phase3_plink/1000G.EUR.QC.8.bim
Read 1 annotations for 549971 SNPs from inflammation.annotation/inflammation.8.annot.gz
Read list of 489 individuals from resources/1000G_EUR_Phase3_plink/1000G.EUR.QC.8.fam
Reading genotypes from resources/1000G_EUR_Phase3_plink/1000G.EUR.QC.8.bed
After filtering, 549971 SNPs remain
Estimating LD Score.
Reading list of 1217311 SNPs for which to print LD Scores from resources/listHM3.txt
After merging with --print-snps, LD Scores for 64975 SNPs will be printed.
Writing LD Scores for 64975 SNPs to inflammation.annotation/inflammation.8.l2.ldscore.gz

Summary of LD Scores in inflammation.annotation/inflammation.8.l2.ldscore.gz
         MAF        L2
mean  0.2380    1.7075
std   0.1431   19.0165
min   0.0051   -2.1873
25%   0.1115    0.0000
50%   0.2280    0.0000
75%   0.3609    0.0000
max   0.5000  417.2732

MAF/LD Score Correlation Matrix
        MAF      L2
MAF  1.0000  0.0017
L2   0.0017  1.0000

Annotation Correlation Matrix
       ANNOT
ANNOT    1.0

Annotation Matrix Column Sums
ANNOT    4558

Summary of Annotation Matrix Row Sums
count    549971.0000
mean          0.0083
std           0.0907
min           0.0000
25%           0.0000
50%           0.0000
75%           0.0000
max           1.0000
Analysis finished at Thu Dec  9 23:30:11 2021
Total time elapsed: 1.0m:35.53s
Finish ld score estimation of CHR 8
Starting annotation of CHR 9
making annot file
Finish annotation of CHR 9
Starting ld score estimation of CHR 9
*********************************************************************
* LD Score Regression (LDSC)
* Version 1.0.1
* (C) 2014-2019 Brendan Bulik-Sullivan and Hilary Finucane
* Broad Institute of MIT and Harvard / MIT Department of Mathematics
* GNU General Public License v3
*********************************************************************
Call: 
./ldsc.py \
--print-snps resources/listHM3.txt \
--ld-wind-cm 1.0 \
--out inflammation.annotation/inflammation.9 \
--bfile resources/1000G_EUR_Phase3_plink/1000G.EUR.QC.9 \
--thin-annot  \
--annot inflammation.annotation/inflammation.9.annot.gz \
--l2  

Beginning analysis at Thu Dec  9 23:30:22 2021
Read list of 438106 SNPs from resources/1000G_EUR_Phase3_plink/1000G.EUR.QC.9.bim
Read 1 annotations for 438106 SNPs from inflammation.annotation/inflammation.9.annot.gz
Read list of 489 individuals from resources/1000G_EUR_Phase3_plink/1000G.EUR.QC.9.fam
Reading genotypes from resources/1000G_EUR_Phase3_plink/1000G.EUR.QC.9.bed
After filtering, 438106 SNPs remain
Estimating LD Score.
Reading list of 1217311 SNPs for which to print LD Scores from resources/listHM3.txt
After merging with --print-snps, LD Scores for 55464 SNPs will be printed.
Writing LD Scores for 55464 SNPs to inflammation.annotation/inflammation.9.l2.ldscore.gz

Summary of LD Scores in inflammation.annotation/inflammation.9.l2.ldscore.gz
         MAF        L2
mean  0.2359    4.4547
std   0.1423   19.9085
min   0.0051   -1.3253
25%   0.1115    0.0000
50%   0.2249    0.0000
75%   0.3569    0.0000
max   0.5000  233.0594

MAF/LD Score Correlation Matrix
        MAF      L2
MAF  1.0000  0.0027
L2   0.0027  1.0000

Annotation Correlation Matrix
       ANNOT
ANNOT    1.0

Annotation Matrix Column Sums
ANNOT    21102

Summary of Annotation Matrix Row Sums
count    438106.0000
mean          0.0482
std           0.2141
min           0.0000
25%           0.0000
50%           0.0000
75%           0.0000
max           1.0000
Analysis finished at Thu Dec  9 23:31:25 2021
Total time elapsed: 1.0m:3.91s
Finish ld score estimation of CHR 9
Starting annotation of CHR 10
making annot file
Finish annotation of CHR 10
Starting ld score estimation of CHR 10
*********************************************************************
* LD Score Regression (LDSC)
* Version 1.0.1
* (C) 2014-2019 Brendan Bulik-Sullivan and Hilary Finucane
* Broad Institute of MIT and Harvard / MIT Department of Mathematics
* GNU General Public License v3
*********************************************************************
Call: 
./ldsc.py \
--print-snps resources/listHM3.txt \
--ld-wind-cm 1.0 \
--out inflammation.annotation/inflammation.10 \
--bfile resources/1000G_EUR_Phase3_plink/1000G.EUR.QC.10 \
--thin-annot  \
--annot inflammation.annotation/inflammation.10.annot.gz \
--l2  

Beginning analysis at Thu Dec  9 23:31:37 2021
Read list of 510501 SNPs from resources/1000G_EUR_Phase3_plink/1000G.EUR.QC.10.bim
Read 1 annotations for 510501 SNPs from inflammation.annotation/inflammation.10.annot.gz
Read list of 489 individuals from resources/1000G_EUR_Phase3_plink/1000G.EUR.QC.10.fam
Reading genotypes from resources/1000G_EUR_Phase3_plink/1000G.EUR.QC.10.bed
After filtering, 510501 SNPs remain
Estimating LD Score.
Reading list of 1217311 SNPs for which to print LD Scores from resources/listHM3.txt
After merging with --print-snps, LD Scores for 64067 SNPs will be printed.
Writing LD Scores for 64067 SNPs to inflammation.annotation/inflammation.10.l2.ldscore.gz

Summary of LD Scores in inflammation.annotation/inflammation.10.l2.ldscore.gz
         MAF        L2
mean  0.2328    4.6498
std   0.1426   25.6139
min   0.0051   -1.9363
25%   0.1074    0.0000
50%   0.2198    0.0000
75%   0.3538    0.0000
max   0.5000  343.3812

MAF/LD Score Correlation Matrix
        MAF      L2
MAF  1.0000  0.0391
L2   0.0391  1.0000

Annotation Correlation Matrix
       ANNOT
ANNOT    1.0

Annotation Matrix Column Sums
ANNOT    15473

Summary of Annotation Matrix Row Sums
count    510501.0000
mean          0.0303
std           0.1714
min           0.0000
25%           0.0000
50%           0.0000
75%           0.0000
max           1.0000
Analysis finished at Thu Dec  9 23:32:59 2021
Total time elapsed: 1.0m:22.81s
Finish ld score estimation of CHR 10
Starting annotation of CHR 11
making annot file
Finish annotation of CHR 11
Starting ld score estimation of CHR 11
*********************************************************************
* LD Score Regression (LDSC)
* Version 1.0.1
* (C) 2014-2019 Brendan Bulik-Sullivan and Hilary Finucane
* Broad Institute of MIT and Harvard / MIT Department of Mathematics
* GNU General Public License v3
*********************************************************************
Call: 
./ldsc.py \
--print-snps resources/listHM3.txt \
--ld-wind-cm 1.0 \
--out inflammation.annotation/inflammation.11 \
--bfile resources/1000G_EUR_Phase3_plink/1000G.EUR.QC.11 \
--thin-annot  \
--annot inflammation.annotation/inflammation.11.annot.gz \
--l2  

Beginning analysis at Thu Dec  9 23:33:10 2021
Read list of 493922 SNPs from resources/1000G_EUR_Phase3_plink/1000G.EUR.QC.11.bim
Read 1 annotations for 493922 SNPs from inflammation.annotation/inflammation.11.annot.gz
Read list of 489 individuals from resources/1000G_EUR_Phase3_plink/1000G.EUR.QC.11.fam
Reading genotypes from resources/1000G_EUR_Phase3_plink/1000G.EUR.QC.11.bed
After filtering, 493922 SNPs remain
Estimating LD Score.
Reading list of 1217311 SNPs for which to print LD Scores from resources/listHM3.txt
After merging with --print-snps, LD Scores for 60977 SNPs will be printed.
Writing LD Scores for 60977 SNPs to inflammation.annotation/inflammation.11.l2.ldscore.gz

Summary of LD Scores in inflammation.annotation/inflammation.11.l2.ldscore.gz
         MAF        L2
mean  0.2398    2.4060
std   0.1420   11.4197
min   0.0051   -0.8547
25%   0.1155    0.0000
50%   0.2301    0.0000
75%   0.3609    0.0057
max   0.5000  142.0047

MAF/LD Score Correlation Matrix
        MAF      L2
MAF  1.0000  0.0391
L2   0.0391  1.0000

Annotation Correlation Matrix
       ANNOT
ANNOT    1.0

Annotation Matrix Column Sums
ANNOT    13415

Summary of Annotation Matrix Row Sums
count    493922.0000
mean          0.0272
std           0.1626
min           0.0000
25%           0.0000
50%           0.0000
75%           0.0000
max           1.0000
Analysis finished at Thu Dec  9 23:34:50 2021
Total time elapsed: 1.0m:40.06s
Finish ld score estimation of CHR 11
Starting annotation of CHR 12
making annot file
Finish annotation of CHR 12
Starting ld score estimation of CHR 12
*********************************************************************
* LD Score Regression (LDSC)
* Version 1.0.1
* (C) 2014-2019 Brendan Bulik-Sullivan and Hilary Finucane
* Broad Institute of MIT and Harvard / MIT Department of Mathematics
* GNU General Public License v3
*********************************************************************
Call: 
./ldsc.py \
--print-snps resources/listHM3.txt \
--ld-wind-cm 1.0 \
--out inflammation.annotation/inflammation.12 \
--bfile resources/1000G_EUR_Phase3_plink/1000G.EUR.QC.12 \
--thin-annot  \
--annot inflammation.annotation/inflammation.12.annot.gz \
--l2  

Beginning analysis at Thu Dec  9 23:35:01 2021
Read list of 480110 SNPs from resources/1000G_EUR_Phase3_plink/1000G.EUR.QC.12.bim
Read 1 annotations for 480110 SNPs from inflammation.annotation/inflammation.12.annot.gz
Read list of 489 individuals from resources/1000G_EUR_Phase3_plink/1000G.EUR.QC.12.fam
Reading genotypes from resources/1000G_EUR_Phase3_plink/1000G.EUR.QC.12.bed
After filtering, 480110 SNPs remain
Estimating LD Score.
Reading list of 1217311 SNPs for which to print LD Scores from resources/listHM3.txt
After merging with --print-snps, LD Scores for 58543 SNPs will be printed.
Writing LD Scores for 58543 SNPs to inflammation.annotation/inflammation.12.l2.ldscore.gz

Summary of LD Scores in inflammation.annotation/inflammation.12.l2.ldscore.gz
         MAF        L2
mean  0.2334    7.2229
std   0.1429   34.7966
min   0.0051   -3.1408
25%   0.1084    0.0000
50%   0.2209    0.0000
75%   0.3558    0.6372
max   0.5000  616.2184

MAF/LD Score Correlation Matrix
        MAF      L2
MAF  1.0000  0.0269
L2   0.0269  1.0000

Annotation Correlation Matrix
       ANNOT
ANNOT    1.0

Annotation Matrix Column Sums
ANNOT    24239

Summary of Annotation Matrix Row Sums
count    480110.0000
mean          0.0505
std           0.2189
min           0.0000
25%           0.0000
50%           0.0000
75%           0.0000
max           1.0000
Analysis finished at Thu Dec  9 23:36:25 2021
Total time elapsed: 1.0m:23.9s
Finish ld score estimation of CHR 12
Starting annotation of CHR 13
making annot file
Finish annotation of CHR 13
Starting ld score estimation of CHR 13
*********************************************************************
* LD Score Regression (LDSC)
* Version 1.0.1
* (C) 2014-2019 Brendan Bulik-Sullivan and Hilary Finucane
* Broad Institute of MIT and Harvard / MIT Department of Mathematics
* GNU General Public License v3
*********************************************************************
Call: 
./ldsc.py \
--print-snps resources/listHM3.txt \
--ld-wind-cm 1.0 \
--out inflammation.annotation/inflammation.13 \
--bfile resources/1000G_EUR_Phase3_plink/1000G.EUR.QC.13 \
--thin-annot  \
--annot inflammation.annotation/inflammation.13.annot.gz \
--l2  

Beginning analysis at Thu Dec  9 23:36:34 2021
Read list of 366200 SNPs from resources/1000G_EUR_Phase3_plink/1000G.EUR.QC.13.bim
Read 1 annotations for 366200 SNPs from inflammation.annotation/inflammation.13.annot.gz
Read list of 489 individuals from resources/1000G_EUR_Phase3_plink/1000G.EUR.QC.13.fam
Reading genotypes from resources/1000G_EUR_Phase3_plink/1000G.EUR.QC.13.bed
After filtering, 366200 SNPs remain
Estimating LD Score.
Reading list of 1217311 SNPs for which to print LD Scores from resources/listHM3.txt
After merging with --print-snps, LD Scores for 45546 SNPs will be printed.
Writing LD Scores for 45546 SNPs to inflammation.annotation/inflammation.13.l2.ldscore.gz

Summary of LD Scores in inflammation.annotation/inflammation.13.l2.ldscore.gz
         MAF        L2
mean  0.2338    1.3633
std   0.1428    9.6599
min   0.0051   -0.8684
25%   0.1074    0.0000
50%   0.2209    0.0000
75%   0.3548    0.0000
max   0.5000  172.0285

MAF/LD Score Correlation Matrix
        MAF      L2
MAF  1.0000  0.0339
L2   0.0339  1.0000

Annotation Correlation Matrix
       ANNOT
ANNOT    1.0

Annotation Matrix Column Sums
ANNOT    5743

Summary of Annotation Matrix Row Sums
count    366200.0000
mean          0.0157
std           0.1242
min           0.0000
25%           0.0000
50%           0.0000
75%           0.0000
max           1.0000
Analysis finished at Thu Dec  9 23:37:30 2021
Total time elapsed: 55.28s
Finish ld score estimation of CHR 13
Starting annotation of CHR 14
making annot file
Finish annotation of CHR 14
Starting ld score estimation of CHR 14
*********************************************************************
* LD Score Regression (LDSC)
* Version 1.0.1
* (C) 2014-2019 Brendan Bulik-Sullivan and Hilary Finucane
* Broad Institute of MIT and Harvard / MIT Department of Mathematics
* GNU General Public License v3
*********************************************************************
Call: 
./ldsc.py \
--print-snps resources/listHM3.txt \
--ld-wind-cm 1.0 \
--out inflammation.annotation/inflammation.14 \
--bfile resources/1000G_EUR_Phase3_plink/1000G.EUR.QC.14 \
--thin-annot  \
--annot inflammation.annotation/inflammation.14.annot.gz \
--l2  

Beginning analysis at Thu Dec  9 23:37:38 2021
Read list of 324698 SNPs from resources/1000G_EUR_Phase3_plink/1000G.EUR.QC.14.bim
Read 1 annotations for 324698 SNPs from inflammation.annotation/inflammation.14.annot.gz
Read list of 489 individuals from resources/1000G_EUR_Phase3_plink/1000G.EUR.QC.14.fam
Reading genotypes from resources/1000G_EUR_Phase3_plink/1000G.EUR.QC.14.bed
After filtering, 324698 SNPs remain
Estimating LD Score.
Reading list of 1217311 SNPs for which to print LD Scores from resources/listHM3.txt
After merging with --print-snps, LD Scores for 39484 SNPs will be printed.
Writing LD Scores for 39484 SNPs to inflammation.annotation/inflammation.14.l2.ldscore.gz

Summary of LD Scores in inflammation.annotation/inflammation.14.l2.ldscore.gz
         MAF        L2
mean  0.2321    2.2437
std   0.1424   15.9641
min   0.0051   -2.4026
25%   0.1074    0.0000
50%   0.2198    0.0000
75%   0.3507    0.0000
max   0.5000  279.8160

MAF/LD Score Correlation Matrix
        MAF      L2
MAF  1.0000  0.0548
L2   0.0548  1.0000

Annotation Correlation Matrix
       ANNOT
ANNOT    1.0

Annotation Matrix Column Sums
ANNOT    5171

Summary of Annotation Matrix Row Sums
count    324698.0000
mean          0.0159
std           0.1252
min           0.0000
25%           0.0000
50%           0.0000
75%           0.0000
max           1.0000
Analysis finished at Thu Dec  9 23:38:31 2021
Total time elapsed: 52.29s
Finish ld score estimation of CHR 14
Starting annotation of CHR 15
making annot file
Finish annotation of CHR 15
Starting ld score estimation of CHR 15
*********************************************************************
* LD Score Regression (LDSC)
* Version 1.0.1
* (C) 2014-2019 Brendan Bulik-Sullivan and Hilary Finucane
* Broad Institute of MIT and Harvard / MIT Department of Mathematics
* GNU General Public License v3
*********************************************************************
Call: 
./ldsc.py \
--print-snps resources/listHM3.txt \
--ld-wind-cm 1.0 \
--out inflammation.annotation/inflammation.15 \
--bfile resources/1000G_EUR_Phase3_plink/1000G.EUR.QC.15 \
--thin-annot  \
--annot inflammation.annotation/inflammation.15.annot.gz \
--l2  

Beginning analysis at Thu Dec  9 23:38:39 2021
Read list of 287001 SNPs from resources/1000G_EUR_Phase3_plink/1000G.EUR.QC.15.bim
Read 1 annotations for 287001 SNPs from inflammation.annotation/inflammation.15.annot.gz
Read list of 489 individuals from resources/1000G_EUR_Phase3_plink/1000G.EUR.QC.15.fam
Reading genotypes from resources/1000G_EUR_Phase3_plink/1000G.EUR.QC.15.bed
After filtering, 287001 SNPs remain
Estimating LD Score.
Reading list of 1217311 SNPs for which to print LD Scores from resources/listHM3.txt
After merging with --print-snps, LD Scores for 35839 SNPs will be printed.
Writing LD Scores for 35839 SNPs to inflammation.annotation/inflammation.15.l2.ldscore.gz

Summary of LD Scores in inflammation.annotation/inflammation.15.l2.ldscore.gz
         MAF        L2
mean  0.2379    4.6810
std   0.1441   18.5810
min   0.0051   -1.1390
25%   0.1104    0.0000
50%   0.2270    0.0000
75%   0.3640    0.1553
max   0.5000  204.9852

MAF/LD Score Correlation Matrix
        MAF      L2
MAF  1.0000  0.0217
L2   0.0217  1.0000

Annotation Correlation Matrix
       ANNOT
ANNOT    1.0

Annotation Matrix Column Sums
ANNOT    14725

Summary of Annotation Matrix Row Sums
count    287001.0000
mean          0.0513
std           0.2206
min           0.0000
25%           0.0000
50%           0.0000
75%           0.0000
max           1.0000
Analysis finished at Thu Dec  9 23:39:22 2021
Total time elapsed: 43.49s
Finish ld score estimation of CHR 15
Starting annotation of CHR 16
making annot file
Finish annotation of CHR 16
Starting ld score estimation of CHR 16
*********************************************************************
* LD Score Regression (LDSC)
* Version 1.0.1
* (C) 2014-2019 Brendan Bulik-Sullivan and Hilary Finucane
* Broad Institute of MIT and Harvard / MIT Department of Mathematics
* GNU General Public License v3
*********************************************************************
Call: 
./ldsc.py \
--print-snps resources/listHM3.txt \
--ld-wind-cm 1.0 \
--out inflammation.annotation/inflammation.16 \
--bfile resources/1000G_EUR_Phase3_plink/1000G.EUR.QC.16 \
--thin-annot  \
--annot inflammation.annotation/inflammation.16.annot.gz \
--l2  

Beginning analysis at Thu Dec  9 23:39:31 2021
Read list of 316981 SNPs from resources/1000G_EUR_Phase3_plink/1000G.EUR.QC.16.bim
Read 1 annotations for 316981 SNPs from inflammation.annotation/inflammation.16.annot.gz
Read list of 489 individuals from resources/1000G_EUR_Phase3_plink/1000G.EUR.QC.16.fam
Reading genotypes from resources/1000G_EUR_Phase3_plink/1000G.EUR.QC.16.bed
After filtering, 316981 SNPs remain
Estimating LD Score.
Reading list of 1217311 SNPs for which to print LD Scores from resources/listHM3.txt
After merging with --print-snps, LD Scores for 36526 SNPs will be printed.
Writing LD Scores for 36526 SNPs to inflammation.annotation/inflammation.16.l2.ldscore.gz

Summary of LD Scores in inflammation.annotation/inflammation.16.l2.ldscore.gz
         MAF        L2
mean  0.2389    2.2587
std   0.1426   10.6480
min   0.0051   -1.3022
25%   0.1145    0.0000
50%   0.2311    0.0000
75%   0.3599    0.0591
max   0.5000  173.5736

MAF/LD Score Correlation Matrix
        MAF      L2
MAF  1.0000  0.0339
L2   0.0339  1.0000

Annotation Correlation Matrix
       ANNOT
ANNOT    1.0

Annotation Matrix Column Sums
ANNOT    6397

Summary of Annotation Matrix Row Sums
count    316981.0000
mean          0.0202
std           0.1406
min           0.0000
25%           0.0000
50%           0.0000
75%           0.0000
max           1.0000
Analysis finished at Thu Dec  9 23:40:19 2021
Total time elapsed: 47.75s
Finish ld score estimation of CHR 16
Starting annotation of CHR 17
making annot file
Finish annotation of CHR 17
Starting ld score estimation of CHR 17
*********************************************************************
* LD Score Regression (LDSC)
* Version 1.0.1
* (C) 2014-2019 Brendan Bulik-Sullivan and Hilary Finucane
* Broad Institute of MIT and Harvard / MIT Department of Mathematics
* GNU General Public License v3
*********************************************************************
Call: 
./ldsc.py \
--print-snps resources/listHM3.txt \
--ld-wind-cm 1.0 \
--out inflammation.annotation/inflammation.17 \
--bfile resources/1000G_EUR_Phase3_plink/1000G.EUR.QC.17 \
--thin-annot  \
--annot inflammation.annotation/inflammation.17.annot.gz \
--l2  

Beginning analysis at Thu Dec  9 23:40:27 2021
Read list of 269222 SNPs from resources/1000G_EUR_Phase3_plink/1000G.EUR.QC.17.bim
Read 1 annotations for 269222 SNPs from inflammation.annotation/inflammation.17.annot.gz
Read list of 489 individuals from resources/1000G_EUR_Phase3_plink/1000G.EUR.QC.17.fam
Reading genotypes from resources/1000G_EUR_Phase3_plink/1000G.EUR.QC.17.bed
After filtering, 269222 SNPs remain
Estimating LD Score.
Reading list of 1217311 SNPs for which to print LD Scores from resources/listHM3.txt
After merging with --print-snps, LD Scores for 32218 SNPs will be printed.
Writing LD Scores for 32218 SNPs to inflammation.annotation/inflammation.17.l2.ldscore.gz

Summary of LD Scores in inflammation.annotation/inflammation.17.l2.ldscore.gz
         MAF        L2
mean  0.2428    1.5276
std   0.1444    8.1362
min   0.0051   -0.7511
25%   0.1145    0.0000
50%   0.2352    0.0000
75%   0.3681    0.0003
max   0.5000  156.4622

MAF/LD Score Correlation Matrix
        MAF      L2
MAF  1.0000  0.0255
L2   0.0255  1.0000

Annotation Correlation Matrix
       ANNOT
ANNOT    1.0

Annotation Matrix Column Sums
ANNOT    3427

Summary of Annotation Matrix Row Sums
count    269222.0000
mean          0.0127
std           0.1121
min           0.0000
25%           0.0000
50%           0.0000
75%           0.0000
max           1.0000
Analysis finished at Thu Dec  9 23:41:05 2021
Total time elapsed: 37.22s
Finish ld score estimation of CHR 17
Starting annotation of CHR 18
making annot file
Finish annotation of CHR 18
Starting ld score estimation of CHR 18
*********************************************************************
* LD Score Regression (LDSC)
* Version 1.0.1
* (C) 2014-2019 Brendan Bulik-Sullivan and Hilary Finucane
* Broad Institute of MIT and Harvard / MIT Department of Mathematics
* GNU General Public License v3
*********************************************************************
Call: 
./ldsc.py \
--print-snps resources/listHM3.txt \
--ld-wind-cm 1.0 \
--out inflammation.annotation/inflammation.18 \
--bfile resources/1000G_EUR_Phase3_plink/1000G.EUR.QC.18 \
--thin-annot  \
--annot inflammation.annotation/inflammation.18.annot.gz \
--l2  

Beginning analysis at Thu Dec  9 23:41:13 2021
Read list of 285156 SNPs from resources/1000G_EUR_Phase3_plink/1000G.EUR.QC.18.bim
Read 1 annotations for 285156 SNPs from inflammation.annotation/inflammation.18.annot.gz
Read list of 489 individuals from resources/1000G_EUR_Phase3_plink/1000G.EUR.QC.18.fam
Reading genotypes from resources/1000G_EUR_Phase3_plink/1000G.EUR.QC.18.bed
After filtering, 285156 SNPs remain
Estimating LD Score.
Reading list of 1217311 SNPs for which to print LD Scores from resources/listHM3.txt
After merging with --print-snps, LD Scores for 35513 SNPs will be printed.
Writing LD Scores for 35513 SNPs to inflammation.annotation/inflammation.18.l2.ldscore.gz

Summary of LD Scores in inflammation.annotation/inflammation.18.l2.ldscore.gz
         MAF       L2
mean  0.2364   0.0977
std   0.1423   1.9025
min   0.0051  -0.2292
25%   0.1115   0.0000
50%   0.2260   0.0000
75%   0.3569   0.0000
max   0.5000  58.9889

MAF/LD Score Correlation Matrix
        MAF      L2
MAF  1.0000 -0.0074
L2  -0.0074  1.0000

Annotation Correlation Matrix
       ANNOT
ANNOT    1.0

Annotation Matrix Column Sums
ANNOT    192

Summary of Annotation Matrix Row Sums
count    285156.0000
mean          0.0007
std           0.0259
min           0.0000
25%           0.0000
50%           0.0000
75%           0.0000
max           1.0000
Analysis finished at Thu Dec  9 23:41:51 2021
Total time elapsed: 38.19s
Finish ld score estimation of CHR 18
Starting annotation of CHR 19
making annot file
Finish annotation of CHR 19
Starting ld score estimation of CHR 19
*********************************************************************
* LD Score Regression (LDSC)
* Version 1.0.1
* (C) 2014-2019 Brendan Bulik-Sullivan and Hilary Finucane
* Broad Institute of MIT and Harvard / MIT Department of Mathematics
* GNU General Public License v3
*********************************************************************
Call: 
./ldsc.py \
--print-snps resources/listHM3.txt \
--ld-wind-cm 1.0 \
--out inflammation.annotation/inflammation.19 \
--bfile resources/1000G_EUR_Phase3_plink/1000G.EUR.QC.19 \
--thin-annot  \
--annot inflammation.annotation/inflammation.19.annot.gz \
--l2  

Beginning analysis at Thu Dec  9 23:41:58 2021
Read list of 232363 SNPs from resources/1000G_EUR_Phase3_plink/1000G.EUR.QC.19.bim
Read 1 annotations for 232363 SNPs from inflammation.annotation/inflammation.19.annot.gz
Read list of 489 individuals from resources/1000G_EUR_Phase3_plink/1000G.EUR.QC.19.fam
Reading genotypes from resources/1000G_EUR_Phase3_plink/1000G.EUR.QC.19.bed
After filtering, 232363 SNPs remain
Estimating LD Score.
Reading list of 1217311 SNPs for which to print LD Scores from resources/listHM3.txt
After merging with --print-snps, LD Scores for 22509 SNPs will be printed.
Writing LD Scores for 22509 SNPs to inflammation.annotation/inflammation.19.l2.ldscore.gz

Summary of LD Scores in inflammation.annotation/inflammation.19.l2.ldscore.gz
         MAF       L2
mean  0.2384   0.4616
std   0.1420   2.5130
min   0.0051  -0.4658
25%   0.1145   0.0000
50%   0.2342   0.0000
75%   0.3569   0.0484
max   0.5000  56.3630

MAF/LD Score Correlation Matrix
       MAF     L2
MAF  1.000 -0.008
L2  -0.008  1.000

Annotation Correlation Matrix
       ANNOT
ANNOT    1.0

Annotation Matrix Column Sums
ANNOT    2547

Summary of Annotation Matrix Row Sums
count    232363.0000
mean          0.0110
std           0.1041
min           0.0000
25%           0.0000
50%           0.0000
75%           0.0000
max           1.0000
Analysis finished at Thu Dec  9 23:42:34 2021
Total time elapsed: 35.67s
Finish ld score estimation of CHR 19
Starting annotation of CHR 20
making annot file
Finish annotation of CHR 20
Starting ld score estimation of CHR 20
*********************************************************************
* LD Score Regression (LDSC)
* Version 1.0.1
* (C) 2014-2019 Brendan Bulik-Sullivan and Hilary Finucane
* Broad Institute of MIT and Harvard / MIT Department of Mathematics
* GNU General Public License v3
*********************************************************************
Call: 
./ldsc.py \
--print-snps resources/listHM3.txt \
--ld-wind-cm 1.0 \
--out inflammation.annotation/inflammation.20 \
--bfile resources/1000G_EUR_Phase3_plink/1000G.EUR.QC.20 \
--thin-annot  \
--annot inflammation.annotation/inflammation.20.annot.gz \
--l2  

Beginning analysis at Thu Dec  9 23:42:42 2021
Read list of 221626 SNPs from resources/1000G_EUR_Phase3_plink/1000G.EUR.QC.20.bim
Read 1 annotations for 221626 SNPs from inflammation.annotation/inflammation.20.annot.gz
Read list of 489 individuals from resources/1000G_EUR_Phase3_plink/1000G.EUR.QC.20.fam
Reading genotypes from resources/1000G_EUR_Phase3_plink/1000G.EUR.QC.20.bed
After filtering, 221626 SNPs remain
Estimating LD Score.
Reading list of 1217311 SNPs for which to print LD Scores from resources/listHM3.txt
After merging with --print-snps, LD Scores for 31101 SNPs will be printed.
Writing LD Scores for 31101 SNPs to inflammation.annotation/inflammation.20.l2.ldscore.gz

Summary of LD Scores in inflammation.annotation/inflammation.20.l2.ldscore.gz
         MAF       L2
mean  0.2344   0.7119
std   0.1427   3.7455
min   0.0051  -0.5107
25%   0.1074   0.0000
50%   0.2229   0.0000
75%   0.3558   0.0000
max   0.5000  60.0153

MAF/LD Score Correlation Matrix
        MAF      L2
MAF  1.0000  0.0537
L2   0.0537  1.0000

Annotation Correlation Matrix
       ANNOT
ANNOT    1.0

Annotation Matrix Column Sums
ANNOT    2190

Summary of Annotation Matrix Row Sums
count    221626.0000
mean          0.0099
std           0.0989
min           0.0000
25%           0.0000
50%           0.0000
75%           0.0000
max           1.0000
Analysis finished at Thu Dec  9 23:43:11 2021
Total time elapsed: 29.85s
Finish ld score estimation of CHR 20
Starting annotation of CHR 21
making annot file
Finish annotation of CHR 21
Starting ld score estimation of CHR 21
*********************************************************************
* LD Score Regression (LDSC)
* Version 1.0.1
* (C) 2014-2019 Brendan Bulik-Sullivan and Hilary Finucane
* Broad Institute of MIT and Harvard / MIT Department of Mathematics
* GNU General Public License v3
*********************************************************************
Call: 
./ldsc.py \
--print-snps resources/listHM3.txt \
--ld-wind-cm 1.0 \
--out inflammation.annotation/inflammation.21 \
--bfile resources/1000G_EUR_Phase3_plink/1000G.EUR.QC.21 \
--thin-annot  \
--annot inflammation.annotation/inflammation.21.annot.gz \
--l2  

Beginning analysis at Thu Dec  9 23:43:18 2021
Read list of 138712 SNPs from resources/1000G_EUR_Phase3_plink/1000G.EUR.QC.21.bim
Read 1 annotations for 138712 SNPs from inflammation.annotation/inflammation.21.annot.gz
Read list of 489 individuals from resources/1000G_EUR_Phase3_plink/1000G.EUR.QC.21.fam
Reading genotypes from resources/1000G_EUR_Phase3_plink/1000G.EUR.QC.21.bed
After filtering, 138712 SNPs remain
Estimating LD Score.
Reading list of 1217311 SNPs for which to print LD Scores from resources/listHM3.txt
After merging with --print-snps, LD Scores for 17040 SNPs will be printed.
Writing LD Scores for 17040 SNPs to inflammation.annotation/inflammation.21.l2.ldscore.gz

Summary of LD Scores in inflammation.annotation/inflammation.21.l2.ldscore.gz
         MAF        L2
mean  0.2420    0.3981
std   0.1414    4.4653
min   0.0051   -0.3157
25%   0.1186    0.0000
50%   0.2321    0.0000
75%   0.3650    0.0000
max   0.5000  106.3723

MAF/LD Score Correlation Matrix
        MAF      L2
MAF  1.0000 -0.0064
L2  -0.0064  1.0000

Annotation Correlation Matrix
       ANNOT
ANNOT    1.0

Annotation Matrix Column Sums
ANNOT    484

Summary of Annotation Matrix Row Sums
count    138712.0000
mean          0.0035
std           0.0590
min           0.0000
25%           0.0000
50%           0.0000
75%           0.0000
max           1.0000
Analysis finished at Thu Dec  9 23:43:35 2021
Total time elapsed: 17.63s
Finish ld score estimation of CHR 21
Starting annotation of CHR 22
making annot file
Finish annotation of CHR 22
Starting ld score estimation of CHR 22
*********************************************************************
* LD Score Regression (LDSC)
* Version 1.0.1
* (C) 2014-2019 Brendan Bulik-Sullivan and Hilary Finucane
* Broad Institute of MIT and Harvard / MIT Department of Mathematics
* GNU General Public License v3
*********************************************************************
Call: 
./ldsc.py \
--print-snps resources/listHM3.txt \
--ld-wind-cm 1.0 \
--out inflammation.annotation/inflammation.22 \
--bfile resources/1000G_EUR_Phase3_plink/1000G.EUR.QC.22 \
--thin-annot  \
--annot inflammation.annotation/inflammation.22.annot.gz \
--l2  

Beginning analysis at Thu Dec  9 23:43:42 2021
Read list of 141123 SNPs from resources/1000G_EUR_Phase3_plink/1000G.EUR.QC.22.bim
Read 1 annotations for 141123 SNPs from inflammation.annotation/inflammation.22.annot.gz
Read list of 489 individuals from resources/1000G_EUR_Phase3_plink/1000G.EUR.QC.22.fam
Reading genotypes from resources/1000G_EUR_Phase3_plink/1000G.EUR.QC.22.bed
After filtering, 141123 SNPs remain
Estimating LD Score.
Reading list of 1217311 SNPs for which to print LD Scores from resources/listHM3.txt
After merging with --print-snps, LD Scores for 17489 SNPs will be printed.
Writing LD Scores for 17489 SNPs to inflammation.annotation/inflammation.22.l2.ldscore.gz

Summary of LD Scores in inflammation.annotation/inflammation.22.l2.ldscore.gz
         MAF        L2
mean  0.2366    2.2375
std   0.1435   12.3446
min   0.0051   -1.0972
25%   0.1094    0.0000
50%   0.2280    0.0000
75%   0.3579    0.0000
max   0.5000  147.5568

MAF/LD Score Correlation Matrix
        MAF      L2
MAF  1.0000  0.0225
L2   0.0225  1.0000

Annotation Correlation Matrix
       ANNOT
ANNOT    1.0

Annotation Matrix Column Sums
ANNOT    3732

Summary of Annotation Matrix Row Sums
count    141123.0000
mean          0.0264
std           0.1605
min           0.0000
25%           0.0000
50%           0.0000
75%           0.0000
max           1.0000
Analysis finished at Thu Dec  9 23:44:01 2021
Total time elapsed: 19.68s
Finish ld score estimation of CHR 22
*********************************************************************
* LD Score Regression (LDSC)
* Version 1.0.1
* (C) 2014-2019 Brendan Bulik-Sullivan and Hilary Finucane
* Broad Institute of MIT and Harvard / MIT Department of Mathematics
* GNU General Public License v3
*********************************************************************
Call: 
./ldsc.py \
--h2 ASD.sumstats.gz \
--ref-ld-chr inflammation.annotation/inflammation.,resources/baselineLD/baselineLD. \
--out ASD_inflammation \
--thin-annot  \
--overlap-annot  \
--frqfile-chr resources/1000G_Phase3_frq/1000G.EUR.QC. \
--w-ld-chr resources/weights_hm3_no_hla/weights. \
--print-coefficients  

Beginning analysis at Thu Dec  9 23:44:04 2021
Reading summary statistics from ASD.sumstats.gz ...
Read summary statistics for 1050225 SNPs.
Reading reference panel LD Score from inflammation.annotation/inflammation.,resources/baselineLD/baselineLD.[1-22] ... (ldscore_fromlist)
Read reference panel LD Scores for 1190321 SNPs.
Removing partitioned LD Scores with zero variance.
Reading regression weight LD Score from resources/weights_hm3_no_hla/weights.[1-22] ... (ldscore_fromlist)
Read regression weight LD Scores for 1242190 SNPs.
After merging with reference panel LD, 1044888 SNPs remain.
After merging with regression SNP LD, 949644 SNPs remain.
Removed 0 SNPs with chi^2 > 80 (949644 SNPs remain)
Total Observed scale h2: 0.1794 (0.0353)
Categories: L2_0 baseL2_1 Coding_UCSCL2_1 Coding_UCSC.flanking.500L2_1 Conserved_LindbladTohL2_1 Conserved_LindbladToh.flanking.500L2_1 CTCF_HoffmanL2_1 CTCF_Hoffman.flanking.500L2_1 DGF_ENCODEL2_1 DGF_ENCODE.flanking.500L2_1 DHS_peaks_TrynkaL2_1 DHS_TrynkaL2_1 DHS_Trynka.flanking.500L2_1 Enhancer_AnderssonL2_1 Enhancer_Andersson.flanking.500L2_1 Enhancer_HoffmanL2_1 Enhancer_Hoffman.flanking.500L2_1 FetalDHS_TrynkaL2_1 FetalDHS_Trynka.flanking.500L2_1 H3K27ac_HniszL2_1 H3K27ac_Hnisz.flanking.500L2_1 H3K27ac_PGC2L2_1 H3K27ac_PGC2.flanking.500L2_1 H3K4me1_peaks_TrynkaL2_1 H3K4me1_TrynkaL2_1 H3K4me1_Trynka.flanking.500L2_1 H3K4me3_peaks_TrynkaL2_1 H3K4me3_TrynkaL2_1 H3K4me3_Trynka.flanking.500L2_1 H3K9ac_peaks_TrynkaL2_1 H3K9ac_TrynkaL2_1 H3K9ac_Trynka.flanking.500L2_1 Intron_UCSCL2_1 Intron_UCSC.flanking.500L2_1 PromoterFlanking_HoffmanL2_1 PromoterFlanking_Hoffman.flanking.500L2_1 Promoter_UCSCL2_1 Promoter_UCSC.flanking.500L2_1 Repressed_HoffmanL2_1 Repressed_Hoffman.flanking.500L2_1 SuperEnhancer_HniszL2_1 SuperEnhancer_Hnisz.flanking.500L2_1 TFBS_ENCODEL2_1 TFBS_ENCODE.flanking.500L2_1 Transcr_HoffmanL2_1 Transcr_Hoffman.flanking.500L2_1 TSS_HoffmanL2_1 TSS_Hoffman.flanking.500L2_1 UTR_3_UCSCL2_1 UTR_3_UCSC.flanking.500L2_1 UTR_5_UCSCL2_1 UTR_5_UCSC.flanking.500L2_1 WeakEnhancer_HoffmanL2_1 WeakEnhancer_Hoffman.flanking.500L2_1 GERP.NSL2_1 GERP.RSsup4L2_1 MAFbin1L2_1 MAFbin2L2_1 MAFbin3L2_1 MAFbin4L2_1 MAFbin5L2_1 MAFbin6L2_1 MAFbin7L2_1 MAFbin8L2_1 MAFbin9L2_1 MAFbin10L2_1 MAF_Adj_Predicted_Allele_AgeL2_1 MAF_Adj_LLD_AFRL2_1 Recomb_Rate_10kbL2_1 Nucleotide_Diversity_10kbL2_1 Backgrd_Selection_StatL2_1 CpG_Content_50kbL2_1 MAF_Adj_ASMCL2_1 GTEx_eQTL_MaxCPPL2_1 BLUEPRINT_H3K27acQTL_MaxCPPL2_1 BLUEPRINT_H3K4me1QTL_MaxCPPL2_1 BLUEPRINT_DNA_methylation_MaxCPPL2_1 synonymousL2_1 non_synonymousL2_1 Conserved_Vertebrate_phastCons46wayL2_1 Conserved_Vertebrate_phastCons46way.flanking.500L2_1 Conserved_Mammal_phastCons46wayL2_1 Conserved_Mammal_phastCons46way.flanking.500L2_1 Conserved_Primate_phastCons46wayL2_1 Conserved_Primate_phastCons46way.flanking.500L2_1 BivFlnkL2_1 BivFlnk.flanking.500L2_1 Human_Promoter_VillarL2_1 Human_Promoter_Villar.flanking.500L2_1 Human_Enhancer_VillarL2_1 Human_Enhancer_Villar.flanking.500L2_1 Ancient_Sequence_Age_Human_PromoterL2_1 Ancient_Sequence_Age_Human_Promoter.flanking.500L2_1 Ancient_Sequence_Age_Human_EnhancerL2_1 Ancient_Sequence_Age_Human_Enhancer.flanking.500L2_1 Human_Enhancer_Villar_Species_Enhancer_CountL2_1 Human_Promoter_Villar_ExACL2_1 Human_Promoter_Villar_ExAC.flanking.500L2_1
Lambda GC: 1.1715
Mean Chi^2: 1.2001
Intercept: 1.0172 (0.0178)
Ratio: 0.0859 (0.0889)
Reading annot matrix from inflammation.annotation/inflammation.,resources/baselineLD/baselineLD.[1-22] ... (annot)
Results printed to ASD_inflammation.results
Analysis finished at Thu Dec  9 23:47:14 2021
Total time elapsed: 3.0m:10.96s
