*********************************************************************
* LD Score Regression (LDSC)
* Version 1.0.1
* (C) 2014-2019 Brendan Bulik-Sullivan and Hilary Finucane
* Broad Institute of MIT and Harvard / MIT Department of Mathematics
* GNU General Public License v3
*********************************************************************
Call: 
./ldsc.py \
--print-snps resources/listHM3.txt \
--ld-wind-cm 1.0 \
--out inflammation.annotation/inflammation.22 \
--bfile resources/1000G_EUR_Phase3_plink/1000G.EUR.QC.22 \
--thin-annot  \
--annot inflammation.annotation/inflammation.22.annot.gz \
--l2  

Beginning analysis at Thu Dec  9 23:43:42 2021
Read list of 141123 SNPs from resources/1000G_EUR_Phase3_plink/1000G.EUR.QC.22.bim
Read 1 annotations for 141123 SNPs from inflammation.annotation/inflammation.22.annot.gz
Read list of 489 individuals from resources/1000G_EUR_Phase3_plink/1000G.EUR.QC.22.fam
Reading genotypes from resources/1000G_EUR_Phase3_plink/1000G.EUR.QC.22.bed
Estimating LD Score.
Reading list of 1217311 SNPs for which to print LD Scores from resources/listHM3.txt
After merging with --print-snps, LD Scores for 17489 SNPs will be printed.
Writing LD Scores for 17489 SNPs to inflammation.annotation/inflammation.22.l2.ldscore.gz

Summary of LD Scores in inflammation.annotation/inflammation.22.l2.ldscore.gz
         MAF        L2
mean  0.2366    2.2375
std   0.1435   12.3446
min   0.0051   -1.0972
25%   0.1094    0.0000
50%   0.2280    0.0000
75%   0.3579    0.0000
max   0.5000  147.5568

MAF/LD Score Correlation Matrix
        MAF      L2
MAF  1.0000  0.0225
L2   0.0225  1.0000

Annotation Correlation Matrix
       ANNOT
ANNOT    1.0

Annotation Matrix Column Sums
ANNOT    3732

Summary of Annotation Matrix Row Sums
count    141123.0000
mean          0.0264
std           0.1605
min           0.0000
25%           0.0000
50%           0.0000
75%           0.0000
max           1.0000
Analysis finished at Thu Dec  9 23:44:01 2021
Total time elapsed: 19.68s
