*********************************************************************
* LD Score Regression (LDSC)
* Version 1.0.1
* (C) 2014-2019 Brendan Bulik-Sullivan and Hilary Finucane
* Broad Institute of MIT and Harvard / MIT Department of Mathematics
* GNU General Public License v3
*********************************************************************
Call: 
./ldsc.py \
--print-snps resources/listHM3.txt \
--ld-wind-cm 1.0 \
--out inflammation.annotation/inflammation.11 \
--bfile resources/1000G_EUR_Phase3_plink/1000G.EUR.QC.11 \
--thin-annot  \
--annot inflammation.annotation/inflammation.11.annot.gz \
--l2  

Beginning analysis at Thu Dec  9 23:33:10 2021
Read list of 493922 SNPs from resources/1000G_EUR_Phase3_plink/1000G.EUR.QC.11.bim
Read 1 annotations for 493922 SNPs from inflammation.annotation/inflammation.11.annot.gz
Read list of 489 individuals from resources/1000G_EUR_Phase3_plink/1000G.EUR.QC.11.fam
Reading genotypes from resources/1000G_EUR_Phase3_plink/1000G.EUR.QC.11.bed
Estimating LD Score.
Reading list of 1217311 SNPs for which to print LD Scores from resources/listHM3.txt
After merging with --print-snps, LD Scores for 60977 SNPs will be printed.
Writing LD Scores for 60977 SNPs to inflammation.annotation/inflammation.11.l2.ldscore.gz

Summary of LD Scores in inflammation.annotation/inflammation.11.l2.ldscore.gz
         MAF        L2
mean  0.2398    2.4060
std   0.1420   11.4197
min   0.0051   -0.8547
25%   0.1155    0.0000
50%   0.2301    0.0000
75%   0.3609    0.0057
max   0.5000  142.0047

MAF/LD Score Correlation Matrix
        MAF      L2
MAF  1.0000  0.0391
L2   0.0391  1.0000

Annotation Correlation Matrix
       ANNOT
ANNOT    1.0

Annotation Matrix Column Sums
ANNOT    13415

Summary of Annotation Matrix Row Sums
count    493922.0000
mean          0.0272
std           0.1626
min           0.0000
25%           0.0000
50%           0.0000
75%           0.0000
max           1.0000
Analysis finished at Thu Dec  9 23:34:50 2021
Total time elapsed: 1.0m:40.06s
