*********************************************************************
* LD Score Regression (LDSC)
* Version 1.0.1
* (C) 2014-2019 Brendan Bulik-Sullivan and Hilary Finucane
* Broad Institute of MIT and Harvard / MIT Department of Mathematics
* GNU General Public License v3
*********************************************************************
Call: 
./ldsc.py \
--print-snps resources/listHM3.txt \
--ld-wind-cm 1.0 \
--out inflammation.annotation/inflammation.19 \
--bfile resources/1000G_EUR_Phase3_plink/1000G.EUR.QC.19 \
--thin-annot  \
--annot inflammation.annotation/inflammation.19.annot.gz \
--l2  

Beginning analysis at Thu Dec  9 23:41:58 2021
Read list of 232363 SNPs from resources/1000G_EUR_Phase3_plink/1000G.EUR.QC.19.bim
Read 1 annotations for 232363 SNPs from inflammation.annotation/inflammation.19.annot.gz
Read list of 489 individuals from resources/1000G_EUR_Phase3_plink/1000G.EUR.QC.19.fam
Reading genotypes from resources/1000G_EUR_Phase3_plink/1000G.EUR.QC.19.bed
Estimating LD Score.
Reading list of 1217311 SNPs for which to print LD Scores from resources/listHM3.txt
After merging with --print-snps, LD Scores for 22509 SNPs will be printed.
Writing LD Scores for 22509 SNPs to inflammation.annotation/inflammation.19.l2.ldscore.gz

Summary of LD Scores in inflammation.annotation/inflammation.19.l2.ldscore.gz
         MAF       L2
mean  0.2384   0.4616
std   0.1420   2.5130
min   0.0051  -0.4658
25%   0.1145   0.0000
50%   0.2342   0.0000
75%   0.3569   0.0484
max   0.5000  56.3630

MAF/LD Score Correlation Matrix
       MAF     L2
MAF  1.000 -0.008
L2  -0.008  1.000

Annotation Correlation Matrix
       ANNOT
ANNOT    1.0

Annotation Matrix Column Sums
ANNOT    2547

Summary of Annotation Matrix Row Sums
count    232363.0000
mean          0.0110
std           0.1041
min           0.0000
25%           0.0000
50%           0.0000
75%           0.0000
max           1.0000
Analysis finished at Thu Dec  9 23:42:34 2021
Total time elapsed: 35.67s
