*********************************************************************
* LD Score Regression (LDSC)
* Version 1.0.1
* (C) 2014-2019 Brendan Bulik-Sullivan and Hilary Finucane
* Broad Institute of MIT and Harvard / MIT Department of Mathematics
* GNU General Public License v3
*********************************************************************
Call: 
./ldsc.py \
--print-snps resources/listHM3.txt \
--ld-wind-cm 1.0 \
--out inflammation.annotation/inflammation.5 \
--bfile resources/1000G_EUR_Phase3_plink/1000G.EUR.QC.5 \
--thin-annot  \
--annot inflammation.annotation/inflammation.5.annot.gz \
--l2  

Beginning analysis at Thu Dec  9 23:22:14 2021
Read list of 633015 SNPs from resources/1000G_EUR_Phase3_plink/1000G.EUR.QC.5.bim
Read 1 annotations for 633015 SNPs from inflammation.annotation/inflammation.5.annot.gz
Read list of 489 individuals from resources/1000G_EUR_Phase3_plink/1000G.EUR.QC.5.fam
Reading genotypes from resources/1000G_EUR_Phase3_plink/1000G.EUR.QC.5.bed
Estimating LD Score.
Reading list of 1217311 SNPs for which to print LD Scores from resources/listHM3.txt
After merging with --print-snps, LD Scores for 75164 SNPs will be printed.
Writing LD Scores for 75164 SNPs to inflammation.annotation/inflammation.5.l2.ldscore.gz

Summary of LD Scores in inflammation.annotation/inflammation.5.l2.ldscore.gz
         MAF        L2
mean  0.2369    1.7408
std   0.1421   13.8005
min   0.0051   -1.2286
25%   0.1125    0.0000
50%   0.2280    0.0000
75%   0.3569    0.0000
max   0.5000  326.8806

MAF/LD Score Correlation Matrix
        MAF      L2
MAF  1.0000  0.0283
L2   0.0283  1.0000

Annotation Correlation Matrix
       ANNOT
ANNOT    1.0

Annotation Matrix Column Sums
ANNOT    7480

Summary of Annotation Matrix Row Sums
count    633015.0000
mean          0.0118
std           0.1081
min           0.0000
25%           0.0000
50%           0.0000
75%           0.0000
max           1.0000
Analysis finished at Thu Dec  9 23:23:56 2021
Total time elapsed: 1.0m:41.97s
