*********************************************************************
* LD Score Regression (LDSC)
* Version 1.0.1
* (C) 2014-2019 Brendan Bulik-Sullivan and Hilary Finucane
* Broad Institute of MIT and Harvard / MIT Department of Mathematics
* GNU General Public License v3
*********************************************************************
Call: 
./ldsc.py \
--print-snps resources/listHM3.txt \
--ld-wind-cm 1.0 \
--out inflammation.annotation/inflammation.1 \
--bfile resources/1000G_EUR_Phase3_plink/1000G.EUR.QC.1 \
--thin-annot  \
--annot inflammation.annotation/inflammation.1.annot.gz \
--l2  

Beginning analysis at Thu Dec  9 23:13:06 2021
Read list of 779354 SNPs from resources/1000G_EUR_Phase3_plink/1000G.EUR.QC.1.bim
Read 1 annotations for 779354 SNPs from inflammation.annotation/inflammation.1.annot.gz
Read list of 489 individuals from resources/1000G_EUR_Phase3_plink/1000G.EUR.QC.1.fam
Reading genotypes from resources/1000G_EUR_Phase3_plink/1000G.EUR.QC.1.bed
Estimating LD Score.
Reading list of 1217311 SNPs for which to print LD Scores from resources/listHM3.txt
After merging with --print-snps, LD Scores for 98642 SNPs will be printed.
Writing LD Scores for 98642 SNPs to inflammation.annotation/inflammation.1.l2.ldscore.gz

Summary of LD Scores in inflammation.annotation/inflammation.1.l2.ldscore.gz
         MAF        L2
mean  0.2346    1.7728
std   0.1432   11.5944
min   0.0051   -1.6048
25%   0.1084    0.0000
50%   0.2239    0.0000
75%   0.3558    0.0000
max   0.5000  211.7918

MAF/LD Score Correlation Matrix
       MAF     L2
MAF  1.000  0.017
L2   0.017  1.000

Annotation Correlation Matrix
       ANNOT
ANNOT    1.0

Annotation Matrix Column Sums
ANNOT    12746

Summary of Annotation Matrix Row Sums
count    779354.0000
mean          0.0164
std           0.1268
min           0.0000
25%           0.0000
50%           0.0000
75%           0.0000
max           1.0000
Analysis finished at Thu Dec  9 23:15:02 2021
Total time elapsed: 1.0m:56.11s
