*********************************************************************
* LD Score Regression (LDSC)
* Version 1.0.1
* (C) 2014-2019 Brendan Bulik-Sullivan and Hilary Finucane
* Broad Institute of MIT and Harvard / MIT Department of Mathematics
* GNU General Public License v3
*********************************************************************
Call: 
./ldsc.py \
--print-snps resources/listHM3.txt \
--ld-wind-cm 1.0 \
--out inflammation.annotation/inflammation.8 \
--bfile resources/1000G_EUR_Phase3_plink/1000G.EUR.QC.8 \
--thin-annot  \
--annot inflammation.annotation/inflammation.8.annot.gz \
--l2  

Beginning analysis at Thu Dec  9 23:28:36 2021
Read list of 549971 SNPs from resources/1000G_EUR_Phase3_plink/1000G.EUR.QC.8.bim
Read 1 annotations for 549971 SNPs from inflammation.annotation/inflammation.8.annot.gz
Read list of 489 individuals from resources/1000G_EUR_Phase3_plink/1000G.EUR.QC.8.fam
Reading genotypes from resources/1000G_EUR_Phase3_plink/1000G.EUR.QC.8.bed
Estimating LD Score.
Reading list of 1217311 SNPs for which to print LD Scores from resources/listHM3.txt
After merging with --print-snps, LD Scores for 64975 SNPs will be printed.
Writing LD Scores for 64975 SNPs to inflammation.annotation/inflammation.8.l2.ldscore.gz

Summary of LD Scores in inflammation.annotation/inflammation.8.l2.ldscore.gz
         MAF        L2
mean  0.2380    1.7075
std   0.1431   19.0165
min   0.0051   -2.1873
25%   0.1115    0.0000
50%   0.2280    0.0000
75%   0.3609    0.0000
max   0.5000  417.2732

MAF/LD Score Correlation Matrix
        MAF      L2
MAF  1.0000  0.0017
L2   0.0017  1.0000

Annotation Correlation Matrix
       ANNOT
ANNOT    1.0

Annotation Matrix Column Sums
ANNOT    4558

Summary of Annotation Matrix Row Sums
count    549971.0000
mean          0.0083
std           0.0907
min           0.0000
25%           0.0000
50%           0.0000
75%           0.0000
max           1.0000
Analysis finished at Thu Dec  9 23:30:11 2021
Total time elapsed: 1.0m:35.53s
