*********************************************************************
* LD Score Regression (LDSC)
* Version 1.0.1
* (C) 2014-2019 Brendan Bulik-Sullivan and Hilary Finucane
* Broad Institute of MIT and Harvard / MIT Department of Mathematics
* GNU General Public License v3
*********************************************************************
Call: 
./ldsc.py \
--print-snps resources/listHM3.txt \
--ld-wind-cm 1.0 \
--out inflammation.annotation/inflammation.16 \
--bfile resources/1000G_EUR_Phase3_plink/1000G.EUR.QC.16 \
--thin-annot  \
--annot inflammation.annotation/inflammation.16.annot.gz \
--l2  

Beginning analysis at Thu Dec  9 23:39:31 2021
Read list of 316981 SNPs from resources/1000G_EUR_Phase3_plink/1000G.EUR.QC.16.bim
Read 1 annotations for 316981 SNPs from inflammation.annotation/inflammation.16.annot.gz
Read list of 489 individuals from resources/1000G_EUR_Phase3_plink/1000G.EUR.QC.16.fam
Reading genotypes from resources/1000G_EUR_Phase3_plink/1000G.EUR.QC.16.bed
Estimating LD Score.
Reading list of 1217311 SNPs for which to print LD Scores from resources/listHM3.txt
After merging with --print-snps, LD Scores for 36526 SNPs will be printed.
Writing LD Scores for 36526 SNPs to inflammation.annotation/inflammation.16.l2.ldscore.gz

Summary of LD Scores in inflammation.annotation/inflammation.16.l2.ldscore.gz
         MAF        L2
mean  0.2389    2.2587
std   0.1426   10.6480
min   0.0051   -1.3022
25%   0.1145    0.0000
50%   0.2311    0.0000
75%   0.3599    0.0591
max   0.5000  173.5736

MAF/LD Score Correlation Matrix
        MAF      L2
MAF  1.0000  0.0339
L2   0.0339  1.0000

Annotation Correlation Matrix
       ANNOT
ANNOT    1.0

Annotation Matrix Column Sums
ANNOT    6397

Summary of Annotation Matrix Row Sums
count    316981.0000
mean          0.0202
std           0.1406
min           0.0000
25%           0.0000
50%           0.0000
75%           0.0000
max           1.0000
Analysis finished at Thu Dec  9 23:40:19 2021
Total time elapsed: 47.75s
