*********************************************************************
* LD Score Regression (LDSC)
* Version 1.0.1
* (C) 2014-2019 Brendan Bulik-Sullivan and Hilary Finucane
* Broad Institute of MIT and Harvard / MIT Department of Mathematics
* GNU General Public License v3
*********************************************************************
Call: 
./ldsc.py \
--print-snps resources/listHM3.txt \
--ld-wind-cm 1.0 \
--out inflammation.annotation/inflammation.21 \
--bfile resources/1000G_EUR_Phase3_plink/1000G.EUR.QC.21 \
--thin-annot  \
--annot inflammation.annotation/inflammation.21.annot.gz \
--l2  

Beginning analysis at Thu Dec  9 23:43:18 2021
Read list of 138712 SNPs from resources/1000G_EUR_Phase3_plink/1000G.EUR.QC.21.bim
Read 1 annotations for 138712 SNPs from inflammation.annotation/inflammation.21.annot.gz
Read list of 489 individuals from resources/1000G_EUR_Phase3_plink/1000G.EUR.QC.21.fam
Reading genotypes from resources/1000G_EUR_Phase3_plink/1000G.EUR.QC.21.bed
Estimating LD Score.
Reading list of 1217311 SNPs for which to print LD Scores from resources/listHM3.txt
After merging with --print-snps, LD Scores for 17040 SNPs will be printed.
Writing LD Scores for 17040 SNPs to inflammation.annotation/inflammation.21.l2.ldscore.gz

Summary of LD Scores in inflammation.annotation/inflammation.21.l2.ldscore.gz
         MAF        L2
mean  0.2420    0.3981
std   0.1414    4.4653
min   0.0051   -0.3157
25%   0.1186    0.0000
50%   0.2321    0.0000
75%   0.3650    0.0000
max   0.5000  106.3723

MAF/LD Score Correlation Matrix
        MAF      L2
MAF  1.0000 -0.0064
L2  -0.0064  1.0000

Annotation Correlation Matrix
       ANNOT
ANNOT    1.0

Annotation Matrix Column Sums
ANNOT    484

Summary of Annotation Matrix Row Sums
count    138712.0000
mean          0.0035
std           0.0590
min           0.0000
25%           0.0000
50%           0.0000
75%           0.0000
max           1.0000
Analysis finished at Thu Dec  9 23:43:35 2021
Total time elapsed: 17.63s
