*********************************************************************
* LD Score Regression (LDSC)
* Version 1.0.1
* (C) 2014-2019 Brendan Bulik-Sullivan and Hilary Finucane
* Broad Institute of MIT and Harvard / MIT Department of Mathematics
* GNU General Public License v3
*********************************************************************
Call: 
./ldsc.py \
--print-snps resources/listHM3.txt \
--ld-wind-cm 1.0 \
--out inflammation.annotation/inflammation.15 \
--bfile resources/1000G_EUR_Phase3_plink/1000G.EUR.QC.15 \
--thin-annot  \
--annot inflammation.annotation/inflammation.15.annot.gz \
--l2  

Beginning analysis at Thu Dec  9 23:38:39 2021
Read list of 287001 SNPs from resources/1000G_EUR_Phase3_plink/1000G.EUR.QC.15.bim
Read 1 annotations for 287001 SNPs from inflammation.annotation/inflammation.15.annot.gz
Read list of 489 individuals from resources/1000G_EUR_Phase3_plink/1000G.EUR.QC.15.fam
Reading genotypes from resources/1000G_EUR_Phase3_plink/1000G.EUR.QC.15.bed
Estimating LD Score.
Reading list of 1217311 SNPs for which to print LD Scores from resources/listHM3.txt
After merging with --print-snps, LD Scores for 35839 SNPs will be printed.
Writing LD Scores for 35839 SNPs to inflammation.annotation/inflammation.15.l2.ldscore.gz

Summary of LD Scores in inflammation.annotation/inflammation.15.l2.ldscore.gz
         MAF        L2
mean  0.2379    4.6810
std   0.1441   18.5810
min   0.0051   -1.1390
25%   0.1104    0.0000
50%   0.2270    0.0000
75%   0.3640    0.1553
max   0.5000  204.9852

MAF/LD Score Correlation Matrix
        MAF      L2
MAF  1.0000  0.0217
L2   0.0217  1.0000

Annotation Correlation Matrix
       ANNOT
ANNOT    1.0

Annotation Matrix Column Sums
ANNOT    14725

Summary of Annotation Matrix Row Sums
count    287001.0000
mean          0.0513
std           0.2206
min           0.0000
25%           0.0000
50%           0.0000
75%           0.0000
max           1.0000
Analysis finished at Thu Dec  9 23:39:22 2021
Total time elapsed: 43.49s
