*********************************************************************
* LD Score Regression (LDSC)
* Version 1.0.1
* (C) 2014-2019 Brendan Bulik-Sullivan and Hilary Finucane
* Broad Institute of MIT and Harvard / MIT Department of Mathematics
* GNU General Public License v3
*********************************************************************
Call: 
./ldsc.py \
--print-snps resources/listHM3.txt \
--ld-wind-cm 1.0 \
--out inflammation.annotation/inflammation.6 \
--bfile resources/1000G_EUR_Phase3_plink/1000G.EUR.QC.6 \
--thin-annot  \
--annot inflammation.annotation/inflammation.6.annot.gz \
--l2  

Beginning analysis at Thu Dec  9 23:24:17 2021
Read list of 664016 SNPs from resources/1000G_EUR_Phase3_plink/1000G.EUR.QC.6.bim
Read 1 annotations for 664016 SNPs from inflammation.annotation/inflammation.6.annot.gz
Read list of 489 individuals from resources/1000G_EUR_Phase3_plink/1000G.EUR.QC.6.fam
Reading genotypes from resources/1000G_EUR_Phase3_plink/1000G.EUR.QC.6.bed
Estimating LD Score.
Reading list of 1217311 SNPs for which to print LD Scores from resources/listHM3.txt
After merging with --print-snps, LD Scores for 75358 SNPs will be printed.
Writing LD Scores for 75358 SNPs to inflammation.annotation/inflammation.6.l2.ldscore.gz

Summary of LD Scores in inflammation.annotation/inflammation.6.l2.ldscore.gz
         MAF        L2
mean  0.2357    3.6111
std   0.1431   25.9405
min   0.0051   -2.6991
25%   0.1104    0.0000
50%   0.2249    0.0000
75%   0.3579    0.0000
max   0.5000  456.7756

MAF/LD Score Correlation Matrix
        MAF      L2
MAF  1.0000  0.0578
L2   0.0578  1.0000

Annotation Correlation Matrix
       ANNOT
ANNOT    1.0

Annotation Matrix Column Sums
ANNOT    15060

Summary of Annotation Matrix Row Sums
count    664016.0000
mean          0.0227
std           0.1489
min           0.0000
25%           0.0000
50%           0.0000
75%           0.0000
max           1.0000
Analysis finished at Thu Dec  9 23:26:36 2021
Total time elapsed: 2.0m:19.06s
