*********************************************************************
* LD Score Regression (LDSC)
* Version 1.0.1
* (C) 2014-2019 Brendan Bulik-Sullivan and Hilary Finucane
* Broad Institute of MIT and Harvard / MIT Department of Mathematics
* GNU General Public License v3
*********************************************************************
Call: 
./ldsc.py \
--print-snps resources/listHM3.txt \
--ld-wind-cm 1.0 \
--out inflammation.annotation/inflammation.17 \
--bfile resources/1000G_EUR_Phase3_plink/1000G.EUR.QC.17 \
--thin-annot  \
--annot inflammation.annotation/inflammation.17.annot.gz \
--l2  

Beginning analysis at Thu Dec  9 23:40:27 2021
Read list of 269222 SNPs from resources/1000G_EUR_Phase3_plink/1000G.EUR.QC.17.bim
Read 1 annotations for 269222 SNPs from inflammation.annotation/inflammation.17.annot.gz
Read list of 489 individuals from resources/1000G_EUR_Phase3_plink/1000G.EUR.QC.17.fam
Reading genotypes from resources/1000G_EUR_Phase3_plink/1000G.EUR.QC.17.bed
Estimating LD Score.
Reading list of 1217311 SNPs for which to print LD Scores from resources/listHM3.txt
After merging with --print-snps, LD Scores for 32218 SNPs will be printed.
Writing LD Scores for 32218 SNPs to inflammation.annotation/inflammation.17.l2.ldscore.gz

Summary of LD Scores in inflammation.annotation/inflammation.17.l2.ldscore.gz
         MAF        L2
mean  0.2428    1.5276
std   0.1444    8.1362
min   0.0051   -0.7511
25%   0.1145    0.0000
50%   0.2352    0.0000
75%   0.3681    0.0003
max   0.5000  156.4622

MAF/LD Score Correlation Matrix
        MAF      L2
MAF  1.0000  0.0255
L2   0.0255  1.0000

Annotation Correlation Matrix
       ANNOT
ANNOT    1.0

Annotation Matrix Column Sums
ANNOT    3427

Summary of Annotation Matrix Row Sums
count    269222.0000
mean          0.0127
std           0.1121
min           0.0000
25%           0.0000
50%           0.0000
75%           0.0000
max           1.0000
Analysis finished at Thu Dec  9 23:41:05 2021
Total time elapsed: 37.22s
