*********************************************************************
* LD Score Regression (LDSC)
* Version 1.0.1
* (C) 2014-2019 Brendan Bulik-Sullivan and Hilary Finucane
* Broad Institute of MIT and Harvard / MIT Department of Mathematics
* GNU General Public License v3
*********************************************************************
Call: 
./ldsc.py \
--print-snps resources/listHM3.txt \
--ld-wind-cm 1.0 \
--out inflammation.annotation/inflammation.18 \
--bfile resources/1000G_EUR_Phase3_plink/1000G.EUR.QC.18 \
--thin-annot  \
--annot inflammation.annotation/inflammation.18.annot.gz \
--l2  

Beginning analysis at Thu Dec  9 23:41:13 2021
Read list of 285156 SNPs from resources/1000G_EUR_Phase3_plink/1000G.EUR.QC.18.bim
Read 1 annotations for 285156 SNPs from inflammation.annotation/inflammation.18.annot.gz
Read list of 489 individuals from resources/1000G_EUR_Phase3_plink/1000G.EUR.QC.18.fam
Reading genotypes from resources/1000G_EUR_Phase3_plink/1000G.EUR.QC.18.bed
Estimating LD Score.
Reading list of 1217311 SNPs for which to print LD Scores from resources/listHM3.txt
After merging with --print-snps, LD Scores for 35513 SNPs will be printed.
Writing LD Scores for 35513 SNPs to inflammation.annotation/inflammation.18.l2.ldscore.gz

Summary of LD Scores in inflammation.annotation/inflammation.18.l2.ldscore.gz
         MAF       L2
mean  0.2364   0.0977
std   0.1423   1.9025
min   0.0051  -0.2292
25%   0.1115   0.0000
50%   0.2260   0.0000
75%   0.3569   0.0000
max   0.5000  58.9889

MAF/LD Score Correlation Matrix
        MAF      L2
MAF  1.0000 -0.0074
L2  -0.0074  1.0000

Annotation Correlation Matrix
       ANNOT
ANNOT    1.0

Annotation Matrix Column Sums
ANNOT    192

Summary of Annotation Matrix Row Sums
count    285156.0000
mean          0.0007
std           0.0259
min           0.0000
25%           0.0000
50%           0.0000
75%           0.0000
max           1.0000
Analysis finished at Thu Dec  9 23:41:51 2021
Total time elapsed: 38.19s
